<?xml version="1.0" encoding="UTF-8"?>
<testng-results ignored="0" total="2" passed="2" failed="0" skipped="0">
  <reporter-output>
  </reporter-output>
  <suite started-at="2024-06-19T14:05:25 IST" name="Default suite" finished-at="2024-06-19T14:05:44 IST" duration-ms="19558">
    <groups>
    </groups>
    <test started-at="2024-06-19T14:05:25 IST" name="Default test" finished-at="2024-06-19T14:05:44 IST" duration-ms="19558">
      <class name="Tests.LoginTest">
        <test-method is-config="true" signature="setup()[pri:0, instance:Tests.LoginTest@31ea9581]" started-at="2024-06-19T14:05:25 IST" name="setup" finished-at="2024-06-19T14:05:27 IST" duration-ms="2597" status="PASS">
          <reporter-output>
          </reporter-output>
        </test-method> <!-- setup -->
        <test-method signature="doLoginWithInvalidCredential()[pri:1, instance:Tests.LoginTest@31ea9581]" started-at="2024-06-19T14:05:27 IST" name="doLoginWithInvalidCredential" finished-at="2024-06-19T14:05:37 IST" duration-ms="10076" status="PASS">
          <reporter-output>
          </reporter-output>
        </test-method> <!-- doLoginWithInvalidCredential -->
        <test-method signature="loginTestWithValidCredential()[pri:2, instance:Tests.LoginTest@31ea9581]" started-at="2024-06-19T14:05:37 IST" name="loginTestWithValidCredential" finished-at="2024-06-19T14:05:39 IST" duration-ms="1351" status="PASS">
          <reporter-output>
          </reporter-output>
        </test-method> <!-- loginTestWithValidCredential -->
        <test-method is-config="true" signature="tearDown()[pri:0, instance:Tests.LoginTest@31ea9581]" started-at="2024-06-19T14:05:39 IST" name="tearDown" finished-at="2024-06-19T14:05:44 IST" duration-ms="5487" status="PASS">
          <reporter-output>
          </reporter-output>
        </test-method> <!-- tearDown -->
      </class> <!-- Tests.LoginTest -->
    </test> <!-- Default test -->
  </suite> <!-- Default suite -->
</testng-results>
